<?xml version="1.0" encoding="UTF-8"?>
<!-- Generated by org.testng.reporters.JUnitReportReporter -->
<testsuite skipped="0" hostname="DevdasC" name="com.automation.SeleniumScreenRecorderATU.TestDemo" tests="1" failures="0" timestamp="28 Sep 2019 04:49:08 GMT" time="16.287" errors="0">
  <testcase name="navigationTest" time="16.287" classname="com.automation.SeleniumScreenRecorderATU.TestDemo"/>
</testsuite> <!-- com.automation.SeleniumScreenRecorderATU.TestDemo -->
