<?xml version="1.0" encoding="UTF-8"?>
<!-- Generated by org.testng.reporters.JUnitReportReporter -->
<testsuite skipped="0" hostname="DevdasC" name="com.automation.SeleniumScreenRecorderATU.DemoTest" tests="2" failures="0" timestamp="29 Sep 2019 20:09:53 GMT" time="20.252" errors="0">
  <testcase name="navigationTest" time="12.686" classname="com.automation.SeleniumScreenRecorderATU.DemoTest"/>
  <testcase name="navigationTest2" time="7.566" classname="com.automation.SeleniumScreenRecorderATU.DemoTest"/>
</testsuite> <!-- com.automation.SeleniumScreenRecorderATU.DemoTest -->
